<?xml version="1.0" encoding="UTF-8"?>
<testng-results ignored="0" total="1" passed="1" failed="0" skipped="0">
  <reporter-output>
  </reporter-output>
  <suite started-at="2024-02-18T21:22:13 IST" name="Default suite" finished-at="2024-02-18T21:22:29 IST" duration-ms="16159">
    <groups>
    </groups>
    <test started-at="2024-02-18T21:22:13 IST" name="Default test" finished-at="2024-02-18T21:22:29 IST" duration-ms="16159">
      <class name="smokeTest.loginPage">
        <test-method is-config="true" signature="beforeTest()[pri:0, instance:smokeTest.loginPage@6ca18a14]" started-at="2024-02-18T21:22:13 IST" name="beforeTest" finished-at="2024-02-18T21:22:23 IST" duration-ms="10272" status="PASS">
          <reporter-output>
          </reporter-output>
        </test-method> <!-- beforeTest -->
        <test-method signature="loginFunctionality()[pri:0, instance:smokeTest.loginPage@6ca18a14]" started-at="2024-02-18T21:22:23 IST" name="loginFunctionality" description="Login functionality" finished-at="2024-02-18T21:22:29 IST" duration-ms="5831" status="PASS">
          <reporter-output>
          </reporter-output>
        </test-method> <!-- loginFunctionality -->
        <test-method is-config="true" signature="aterTest()[pri:0, instance:smokeTest.loginPage@6ca18a14]" started-at="2024-02-18T21:22:29 IST" name="aterTest" finished-at="2024-02-18T21:22:29 IST" duration-ms="1" status="PASS">
          <reporter-output>
          </reporter-output>
        </test-method> <!-- aterTest -->
      </class> <!-- smokeTest.loginPage -->
    </test> <!-- Default test -->
  </suite> <!-- Default suite -->
</testng-results>
